-----------------------------DiffDoc-------
Date: 02-12-2013 03:31:14 PM
Successfully Compared C:\xampp\htdocs\ProjectUploader\Upload\BT\05010137-BTPI.pdf to C:\xampp\htdocs\ProjectUploader\Upload\BT\10610112-BTPI.pdf
There were 1 Differences.  1 Change(s), 0 Addition(s)  and 0 Deletion(s)
-----------------------------DiffDoc-------
Date: 02-12-2013 03:39:55 PM
Successfully Compared C:\xampp\htdocs\ProjectUploader\Upload\BT\05010137-BTPI.pdf to C:\xampp\htdocs\ProjectUploader\Upload\BT\10610112-BTPI.pdf
There were 1 Differences.  1 Change(s), 0 Addition(s)  and 0 Deletion(s)
-----------------------------DiffDoc-------
Date: 02-12-2013 03:46:57 PM
Successfully Compared C:\xampp\htdocs\ProjectUploader\Upload\BT\05010137-BTPI.pdf to C:\xampp\htdocs\ProjectUploader\Upload\BT\10610112-BTPI.pdf
There were 1 Differences.  1 Change(s), 0 Addition(s)  and 0 Deletion(s)
-----------------------------DiffDoc-------
Date: 02-12-2013 03:58:13 PM
Successfully Compared C:\xampp\htdocs\ProjectUploader\Upload\BT\05010137-BTPI.pdf to C:\xampp\htdocs\ProjectUploader\Upload\BT\10610112-BTPI.pdf
There were 3 Differences.  2 Change(s), 1 Addition(s)  and 0 Deletion(s)
-----------------------------DiffDoc-------
Date: 02-12-2013 04:05:33 PM
Successfully Compared C:\xampp\htdocs\ProjectUploader\Upload\BT\05010137-BTPI.pdf to C:\xampp\htdocs\ProjectUploader\Upload\BT\10610112-BTPI.pdf
There were 1 Differences.  1 Change(s), 0 Addition(s)  and 0 Deletion(s)
-----------------------------DiffDoc-------
Date: 02-12-2013 04:12:55 PM
Successfully Compared C:\xampp\htdocs\ProjectUploader\Upload\BT\05010137-BTPI.pdf to C:\xampp\htdocs\ProjectUploader\Upload\BT\10610112-BTPI.pdf
There were 1 Differences.  1 Change(s), 0 Addition(s)  and 0 Deletion(s)
-----------------------------DiffDoc-------
Date: 02-12-2013 04:17:45 PM
Successfully Compared C:\xampp\htdocs\ProjectUploader\Upload\BT\05010137-BTPI.pdf to C:\xampp\htdocs\ProjectUploader\Upload\BT\10610112-BTPI.pdf
There were 1 Differences.  1 Change(s), 0 Addition(s)  and 0 Deletion(s)
-----------------------------DiffDoc-------
Date: 02-12-2013 04:23:03 PM
-----------------------------DiffDoc-------
Date: 02-12-2013 04:23:48 PM
Successfully Compared C:\xampp\htdocs\ProjectUploader\Upload\BT\05010137-BTPI.pdf to C:\xampp\htdocs\ProjectUploader\Upload\BT\10610112-BTPI.pdf
There were 1 Differences.  1 Change(s), 0 Addition(s)  and 0 Deletion(s)
-----------------------------DiffDoc-------
Date: 02-12-2013 04:29:22 PM
Successfully Compared C:\xampp\htdocs\ProjectUploader\Upload\BT\05010137-BTPI.pdf to C:\xampp\htdocs\ProjectUploader\Upload\BT\10610112-BTPI.pdf
There were 1 Differences.  1 Change(s), 0 Addition(s)  and 0 Deletion(s)
-----------------------------DiffDoc-------
Date: 02-Dec-13 17:25:09
Successfully Compared C:\xampp\htdocs\ProjectUploader\Upload\BT\05010137-BTPI.pdf to C:\xampp\htdocs\ProjectUploader\Upload\BT\10610112-BTPI.pdf
There were 1 Differences.  1 Change(s), 0 Addition(s)  and 0 Deletion(s)
-----------------------------DiffDoc-------
Date: 02-Dec-13 17:27:04
Successfully Compared C:\xampp\htdocs\ProjectUploader\Upload\BT\05010137-BTPI.pdf to C:\xampp\htdocs\ProjectUploader\Upload\BT\10610112-BTPI.pdf
There were 1 Differences.  1 Change(s), 0 Addition(s)  and 0 Deletion(s)
-----------------------------DiffDoc-------
Date: 02-Dec-13 17:30:44
Successfully Compared C:\xampp\htdocs\ProjectUploader\Upload\BT\05010137-BTPI.pdf to C:\xampp\htdocs\ProjectUploader\Upload\BT\10610112-BTPI.pdf
There were 1 Differences.  1 Change(s), 0 Addition(s)  and 0 Deletion(s)
-----------------------------DiffDoc-------
Date: 02-Dec-13 17:35:09
Successfully Compared C:\xampp\htdocs\ProjectUploader\Upload\BT\05010137-BTPI.pdf to C:\xampp\htdocs\ProjectUploader\Upload\BT\10610112-BTPI.pdf
There were 1 Differences.  1 Change(s), 0 Addition(s)  and 0 Deletion(s)
-----------------------------DiffDoc-------
Date: 02-Dec-13 17:36:38
Successfully Compared C:\xampp\htdocs\ProjectUploader\Upload\BT\05010137-BTPI.pdf to C:\xampp\htdocs\ProjectUploader\Upload\BT\10610112-BTPI.pdf
There were 1 Differences.  1 Change(s), 0 Addition(s)  and 0 Deletion(s)
-----------------------------DiffDoc-------
Date: 02-Dec-13 17:39:08
Successfully Compared C:\xampp\htdocs\ProjectUploader\Upload\BT\05010137-BTPI.pdf to C:\xampp\htdocs\ProjectUploader\Upload\BT\10610112-BTPI.pdf
There were 1 Differences.  1 Change(s), 0 Addition(s)  and 0 Deletion(s)
-----------------------------DiffDoc-------
Date: 02-Dec-13 17:42:06
Successfully Compared C:\xampp\htdocs\ProjectUploader\Upload\BT\05010137-BTPI.pdf to C:\xampp\htdocs\ProjectUploader\Upload\BT\10610112-BTPI.pdf
There were 1 Differences.  1 Change(s), 0 Addition(s)  and 0 Deletion(s)
-----------------------------DiffDoc-------
Date: 02-Dec-13 22:38:13
Successfully Compared C:\xampp\htdocs\ProjectUploader\Upload\BT\05010137-BTPI.pdf to C:\xampp\htdocs\ProjectUploader\Upload\BT\10610112-BTPI.pdf
There were 1 Differences.  1 Change(s), 0 Addition(s)  and 0 Deletion(s)
-----------------------------DiffDoc-------
Date: 02-Dec-13 22:44:41
Successfully Compared C:\xampp\htdocs\ProjectUploader\Upload\BT\05010137-BTPI.pdf to C:\xampp\htdocs\ProjectUploader\Upload\BT\10610112-BTPI.pdf
There were 1 Differences.  1 Change(s), 0 Addition(s)  and 0 Deletion(s)
-----------------------------DiffDoc-------
Date: 02-Dec-13 22:58:16
Successfully Compared C:\xampp\htdocs\ProjectUploader\Upload\BT\05010137-BTPI.pdf to C:\xampp\htdocs\ProjectUploader\Upload\BT\10610112-BTPI.pdf
There were 1 Differences.  1 Change(s), 0 Addition(s)  and 0 Deletion(s)
-----------------------------DiffDoc-------
Date: 02-Dec-13 23:16:59
Successfully Compared C:\xampp\htdocs\ProjectUploader\Upload\BT\05010137-BTPI.pdf to C:\xampp\htdocs\ProjectUploader\Upload\BT\10610112-BTPI.pdf
There were 1 Differences.  1 Change(s), 0 Addition(s)  and 0 Deletion(s)
-----------------------------DiffDoc-------
Date: 02-Dec-13 23:19:11
Successfully Compared C:\xampp\htdocs\ProjectUploader\Upload\BT\05010137-BTPI.pdf to C:\xampp\htdocs\ProjectUploader\Upload\BT\10610112-BTPI.pdf
There were 1 Differences.  1 Change(s), 0 Addition(s)  and 0 Deletion(s)
-----------------------------DiffDoc-------
Date: 02-Dec-13 23:30:10
Successfully Compared C:\xampp\htdocs\ProjectUploader\Upload\BT\05010137-BTPI.pdf to C:\xampp\htdocs\ProjectUploader\Upload\BT\10610112-BTPI.pdf
There were 1 Differences.  1 Change(s), 0 Addition(s)  and 0 Deletion(s)
-----------------------------DiffDoc-------
Date: 02-Dec-13 23:33:52
Successfully Compared C:\xampp\htdocs\ProjectUploader\Upload\BT\05010137-BTPI.pdf to C:\xampp\htdocs\ProjectUploader\Upload\BT\10610112-BTPI.pdf
There were 1 Differences.  1 Change(s), 0 Addition(s)  and 0 Deletion(s)
-----------------------------DiffDoc-------
Date: 02-Dec-13 23:38:53
Successfully Compared C:\xampp\htdocs\ProjectUploader\Upload\BT\05010137-BTPI.pdf to C:\xampp\htdocs\ProjectUploader\Upload\BT\10610112-BTPI.pdf
There were 1 Differences.  1 Change(s), 0 Addition(s)  and 0 Deletion(s)
-----------------------------DiffDoc-------
Date: 02-Dec-13 23:40:03
Successfully Compared C:\xampp\htdocs\ProjectUploader\Upload\BT\05010137-BTPI.pdf to C:\xampp\htdocs\ProjectUploader\Upload\BT\10610112-BTPI.pdf
There were 1 Differences.  1 Change(s), 0 Addition(s)  and 0 Deletion(s)
-----------------------------DiffDoc-------
Date: 03-Dec-13 00:07:42
Successfully Compared C:\xampp\htdocs\ProjectUploader\Upload\BT\05010137-BTPI.pdf to C:\xampp\htdocs\ProjectUploader\Upload\BT\10610112-BTPI.pdf
There were 1 Differences.  1 Change(s), 0 Addition(s)  and 0 Deletion(s)
-----------------------------DiffDoc-------
Date: 03-Dec-13 00:12:14
Successfully Compared C:\xampp\htdocs\ProjectUploader\Upload\BT\05010137-BTPI.pdf to C:\xampp\htdocs\ProjectUploader\Upload\BT\10610112-BTPI.pdf
There were 1 Differences.  1 Change(s), 0 Addition(s)  and 0 Deletion(s)
-----------------------------DiffDoc-------
Date: 03-Dec-13 00:14:23
Successfully Compared C:\xampp\htdocs\ProjectUploader\Upload\BT\05010137-BTPI.pdf to C:\xampp\htdocs\ProjectUploader\Upload\BT\10610112-BTPI.pdf
There were 1 Differences.  1 Change(s), 0 Addition(s)  and 0 Deletion(s)
-----------------------------DiffDoc-------
Date: 03-Dec-13 00:19:23
Successfully Compared C:\xampp\htdocs\ProjectUploader\Upload\BT\05010137-BTPI.pdf to C:\xampp\htdocs\ProjectUploader\Upload\BT\10610112-BTPI.pdf
There were 1 Differences.  1 Change(s), 0 Addition(s)  and 0 Deletion(s)
-----------------------------DiffDoc-------
Date: 03-12-2013 01:20:55 AM
Successfully Compared C:\xampp\htdocs\ProjectUploader\Upload\BT\05010137-BTPI.pdf to C:\xampp\htdocs\ProjectUploader\Upload\BT\10610112-BTPI.pdf
There were 1 Differences.  1 Change(s), 0 Addition(s)  and 0 Deletion(s)
-----------------------------DiffDoc-------
Date: 03-12-2013 01:38:24 AM
Successfully Compared C:\xampp\htdocs\ProjectUploader\Upload\BT\05010137-BTPI.pdf to C:\xampp\htdocs\ProjectUploader\Upload\BT\10610112-BTPI.pdf
There were 1 Differences.  1 Change(s), 0 Addition(s)  and 0 Deletion(s)
-----------------------------DiffDoc-------
Date: 03-12-2013 01:43:36 AM
Successfully Compared C:\xampp\htdocs\ProjectUploader\Upload\BT\05010137-BTPI.pdf to C:\xampp\htdocs\ProjectUploader\Upload\BT\10610112-BTPI.pdf
There were 1 Differences.  1 Change(s), 0 Addition(s)  and 0 Deletion(s)
-----------------------------DiffDoc-------
Date: 03-12-2013 01:45:51 AM
Successfully Compared C:\xampp\htdocs\ProjectUploader\Upload\BT\05010137-BTPI.pdf to C:\xampp\htdocs\ProjectUploader\Upload\BT\10610112-BTPI.pdf
There were 1 Differences.  1 Change(s), 0 Addition(s)  and 0 Deletion(s)
-----------------------------DiffDoc-------
Date: 03-12-2013 04:46:53 AM
Successfully Compared C:\xampp\htdocs\ProjectUploader\Upload\BT\05010137-BTPI.pdf to C:\xampp\htdocs\ProjectUploader\Upload\BT\10610112-BTPI.pdf
There were 1 Differences.  1 Change(s), 0 Addition(s)  and 0 Deletion(s)
-----------------------------DiffDoc-------
Date: 03-12-2013 04:49:46 AM
Successfully Compared C:\xampp\htdocs\ProjectUploader\Upload\BT\05010137-BTPI.pdf to C:\xampp\htdocs\ProjectUploader\Upload\BT\10610112-BTPI.pdf
There were 1 Differences.  1 Change(s), 0 Addition(s)  and 0 Deletion(s)
-----------------------------DiffDoc-------
Date: 03-12-2013 04:57:38 AM
Successfully Compared C:\xampp\htdocs\ProjectUploader\Upload\BT\05010137-BTPI.pdf to C:\xampp\htdocs\ProjectUploader\Upload\BT\10610112-BTPI.pdf
There were 1 Differences.  1 Change(s), 0 Addition(s)  and 0 Deletion(s)
-----------------------------DiffDoc-------
Date: 03-12-2013 04:58:52 AM
Successfully Compared C:\xampp\htdocs\ProjectUploader\Upload\BT\05010137-BTPI.pdf to C:\xampp\htdocs\ProjectUploader\Upload\BT\10610112-BTPI.pdf
There were 1 Differences.  1 Change(s), 0 Addition(s)  and 0 Deletion(s)
-----------------------------DiffDoc-------
Date: 03-12-2013 05:01:29 AM
Successfully Compared C:\xampp\htdocs\ProjectUploader\Upload\BT\05010137-BTPI.pdf to C:\xampp\htdocs\ProjectUploader\Upload\BT\10610112-BTPI.pdf
There were 1 Differences.  1 Change(s), 0 Addition(s)  and 0 Deletion(s)
-----------------------------DiffDoc-------
Date: 03-12-2013 05:07:15 AM
Successfully Compared C:\xampp\htdocs\ProjectUploader\Upload\BT\05010137-BTPI.pdf to C:\xampp\htdocs\ProjectUploader\Upload\BT\10610112-BTPI.pdf
There were 1 Differences.  1 Change(s), 0 Addition(s)  and 0 Deletion(s)
-----------------------------DiffDoc-------
Date: 03-12-2013 05:09:14 AM
Successfully Compared C:\xampp\htdocs\ProjectUploader\Upload\BT\05010137-BTPI.pdf to C:\xampp\htdocs\ProjectUploader\Upload\BT\10610112-BTPI.pdf
There were 1 Differences.  1 Change(s), 0 Addition(s)  and 0 Deletion(s)
-----------------------------DiffDoc-------
Date: 03-12-2013 05:10:41 AM
Successfully Compared C:\xampp\htdocs\ProjectUploader\Upload\BT\05010137-BTPI.pdf to C:\xampp\htdocs\ProjectUploader\Upload\BT\10610112-BTPI.pdf
There were 1 Differences.  1 Change(s), 0 Addition(s)  and 0 Deletion(s)
-----------------------------DiffDoc-------
Date: 03-12-2013 05:13:20 AM
Successfully Compared C:\xampp\htdocs\ProjectUploader\Upload\BT\05010137-BTPI.pdf to C:\xampp\htdocs\ProjectUploader\Upload\BT\10610112-BTPI.pdf
There were 1 Differences.  1 Change(s), 0 Addition(s)  and 0 Deletion(s)
-----------------------------DiffDoc-------
Date: 03-12-2013 05:19:51 AM
Successfully Compared C:\xampp\htdocs\ProjectUploader\Upload\BT\05010137-BTPI.pdf to C:\xampp\htdocs\ProjectUploader\Upload\BT\10610112-BTPI.pdf
There were 1 Differences.  1 Change(s), 0 Addition(s)  and 0 Deletion(s)
-----------------------------DiffDoc-------
Date: 03-12-2013 05:22:55 AM
Successfully Compared C:\xampp\htdocs\ProjectUploader\Upload\BT\05010137-BTPI.pdf to C:\xampp\htdocs\ProjectUploader\Upload\BT\10610112-BTPI.pdf
There were 3 Differences.  2 Change(s), 1 Addition(s)  and 0 Deletion(s)
-----------------------------DiffDoc-------
Date: 03-12-2013 05:26:44 AM
Successfully Compared C:\xampp\htdocs\ProjectUploader\Upload\BT\05010137-BTPI.pdf to C:\xampp\htdocs\ProjectUploader\Upload\BT\10610112-BTPI.pdf
There were 1 Differences.  1 Change(s), 0 Addition(s)  and 0 Deletion(s)
-----------------------------DiffDoc-------
Date: 03-12-2013 05:29:08 AM
Successfully Compared C:\xampp\htdocs\ProjectUploader\Upload\BT\05010137-BTPI.pdf to C:\xampp\htdocs\ProjectUploader\Upload\BT\10610112-BTPI.pdf
There were 1 Differences.  1 Change(s), 0 Addition(s)  and 0 Deletion(s)
-----------------------------DiffDoc-------
Date: 03-12-2013 05:31:08 AM
Successfully Compared C:\xampp\htdocs\ProjectUploader\Upload\BT\05010137-BTPI.pdf to C:\xampp\htdocs\ProjectUploader\Upload\BT\10610112-BTPI.pdf
There were 1 Differences.  1 Change(s), 0 Addition(s)  and 0 Deletion(s)
-----------------------------DiffDoc-------
Date: 03-12-2013 05:33:13 AM
Successfully Compared C:\xampp\htdocs\ProjectUploader\Upload\BT\05010137-BTPI.pdf to C:\xampp\htdocs\ProjectUploader\Upload\BT\10610112-BTPI.pdf
There were 1 Differences.  1 Change(s), 0 Addition(s)  and 0 Deletion(s)
-----------------------------DiffDoc-------
Date: 03-12-2013 05:35:26 AM
Successfully Compared C:\xampp\htdocs\ProjectUploader\Upload\BT\05010137-BTPI.pdf to C:\xampp\htdocs\ProjectUploader\Upload\BT\10610112-BTPI.pdf
There were 1 Differences.  1 Change(s), 0 Addition(s)  and 0 Deletion(s)
-----------------------------DiffDoc-------
Date: 03-12-2013 05:37:48 AM
Successfully Compared C:\xampp\htdocs\ProjectUploader\Upload\BT\05010137-BTPI.pdf to C:\xampp\htdocs\ProjectUploader\Upload\BT\10610112-BTPI.pdf
There were 1 Differences.  1 Change(s), 0 Addition(s)  and 0 Deletion(s)
-----------------------------DiffDoc-------
Date: 03-12-2013 05:39:52 AM
Successfully Compared C:\xampp\htdocs\ProjectUploader\Upload\BT\05010137-BTPI.pdf to C:\xampp\htdocs\ProjectUploader\Upload\BT\10610112-BTPI.pdf
There were 1 Differences.  1 Change(s), 0 Addition(s)  and 0 Deletion(s)
-----------------------------DiffDoc-------
Date: 03-12-2013 05:41:33 AM
Successfully Compared C:\xampp\htdocs\ProjectUploader\Upload\BT\05010137-BTPI.pdf to C:\xampp\htdocs\ProjectUploader\Upload\BT\10610112-BTPI.pdf
There were 1 Differences.  1 Change(s), 0 Addition(s)  and 0 Deletion(s)
-----------------------------DiffDoc-------
Date: 04-12-2013 04:18:45 AM
Successfully Compared C:\xampp\htdocs\ProjectUploader\Upload\BT\05010137-BTPI.pdf to C:\xampp\htdocs\ProjectUploader\Upload\BT\10610112-BTPI.pdf
There were 1 Differences.  1 Change(s), 0 Addition(s)  and 0 Deletion(s)
-----------------------------DiffDoc-------
Date: 04-12-2013 04:25:59 AM
Successfully Compared C:\xampp\htdocs\ProjectUploader\Upload\BT\05010137-BTPI.pdf to C:\xampp\htdocs\ProjectUploader\Upload\BT\10610112-BTPI.pdf
There were 1 Differences.  1 Change(s), 0 Addition(s)  and 0 Deletion(s)
-----------------------------DiffDoc-------
Date: 04-12-2013 04:33:33 AM
Successfully Compared C:\xampp\htdocs\ProjectUploader\Upload\BT\05010137-BTPI.pdf to C:\xampp\htdocs\ProjectUploader\Upload\BT\10610112-BTPI.pdf
There were 3 Differences.  2 Change(s), 1 Addition(s)  and 0 Deletion(s)
-----------------------------DiffDoc-------
Date: 04-12-2013 04:39:32 AM
Successfully Compared C:\xampp\htdocs\ProjectUploader\Upload\BT\05010137-BTPI.pdf to C:\xampp\htdocs\ProjectUploader\Upload\BT\10610112-BTPI.pdf
There were 8 Differences.  5 Change(s), 1 Addition(s)  and 2 Deletion(s)
-----------------------------DiffDoc-------
Date: 04-12-2013 04:55:44 AM
Successfully Compared C:\xampp\htdocs\ProjectUploader\Upload\BT\05010137-BTPI.pdf to C:\xampp\htdocs\ProjectUploader\Upload\BT\10610112-BTPI.pdf
There were 1 Differences.  1 Change(s), 0 Addition(s)  and 0 Deletion(s)
-----------------------------DiffDoc-------
Date: 04-12-2013 04:57:54 AM
Successfully Compared C:\xampp\htdocs\ProjectUploader\Upload\BT\05010137-BTPI.pdf to C:\xampp\htdocs\ProjectUploader\Upload\BT\10610112-BTPI.pdf
There were 2 Differences.  2 Change(s), 0 Addition(s)  and 0 Deletion(s)
-----------------------------DiffDoc-------
Date: 04-12-2013 05:02:39 AM
Successfully Compared C:\xampp\htdocs\ProjectUploader\Upload\BT\05010137-BTPI.pdf to C:\xampp\htdocs\ProjectUploader\Upload\BT\10610112-BTPI.pdf
There were 3 Differences.  3 Change(s), 0 Addition(s)  and 0 Deletion(s)
-----------------------------DiffDoc-------
Date: 04-12-2013 05:12:35 AM
Successfully Compared C:\xampp\htdocs\ProjectUploader\Upload\BT\05010137-BTPI.pdf to C:\xampp\htdocs\ProjectUploader\Upload\BT\10610112-BTPI.pdf
There were 1 Differences.  1 Change(s), 0 Addition(s)  and 0 Deletion(s)
-----------------------------DiffDoc-------
Date: 04-12-2013 05:19:00 AM
Successfully Compared C:\xampp\htdocs\ProjectUploader\Upload\BT\05010137-BTPI.pdf to C:\xampp\htdocs\ProjectUploader\Upload\BT\10610112-BTPI.pdf
There were 5 Differences.  5 Change(s), 0 Addition(s)  and 0 Deletion(s)
-----------------------------DiffDoc-------
Date: 04-12-2013 05:33:36 AM
Successfully Compared C:\xampp\htdocs\ProjectUploader\Upload\BT\05010137-BTPI.pdf to C:\xampp\htdocs\ProjectUploader\Upload\BT\10610112-BTPI.pdf
There were 1 Differences.  1 Change(s), 0 Addition(s)  and 0 Deletion(s)
-----------------------------DiffDoc-------
Date: 04-12-2013 05:38:37 AM
Successfully Compared C:\xampp\htdocs\ProjectUploader\Upload\BT\05010137-BTPI.pdf to C:\xampp\htdocs\ProjectUploader\Upload\BT\10610112-BTPI.pdf
There were 2 Differences.  2 Change(s), 0 Addition(s)  and 0 Deletion(s)
-----------------------------DiffDoc-------
Date: 04-12-2013 07:58:23 AM
Successfully Compared C:\xampp\htdocs\ProjectUploader\Upload\BT\05010137-BTPI.pdf to C:\xampp\htdocs\ProjectUploader\Upload\BT\10610112-BTPI.pdf
There were 9 Differences.  7 Change(s), 1 Addition(s)  and 1 Deletion(s)
-----------------------------DiffDoc-------
Date: 04-12-2013 09:48:28 AM
Successfully Compared C:\xampp\htdocs\ProjectUploader\Upload\BT\05010137-BTPI.pdf to C:\xampp\htdocs\ProjectUploader\Upload\BT\10610112-BTPI.pdf
There were 1 Differences.  1 Change(s), 0 Addition(s)  and 0 Deletion(s)
-----------------------------DiffDoc-------
Date: 04-12-2013 10:12:01 AM
Successfully Compared C:\xampp\htdocs\ProjectUploader\Upload\BT\05010137-BTPI.pdf to C:\xampp\htdocs\ProjectUploader\Upload\BT\10610112-BTPI.pdf
There were 1 Differences.  1 Change(s), 0 Addition(s)  and 0 Deletion(s)
