-----------------------------DiffDoc-------
Date: 02-12-2013 03:31:35 PM
Successfully Compared C:\xampp\htdocs\ProjectUploader\Upload\BT\05010137-BTPI.pdf to C:\xampp\htdocs\ProjectUploader\Upload\BT\9010134-BTPI.pdf
There were 2 Differences.  2 Change(s), 0 Addition(s)  and 0 Deletion(s)
-----------------------------DiffDoc-------
Date: 02-12-2013 03:40:17 PM
Successfully Compared C:\xampp\htdocs\ProjectUploader\Upload\BT\05010137-BTPI.pdf to C:\xampp\htdocs\ProjectUploader\Upload\BT\9010134-BTPI.pdf
There were 1 Differences.  1 Change(s), 0 Addition(s)  and 0 Deletion(s)
-----------------------------DiffDoc-------
Date: 02-12-2013 03:47:13 PM
Successfully Compared C:\xampp\htdocs\ProjectUploader\Upload\BT\05010137-BTPI.pdf to C:\xampp\htdocs\ProjectUploader\Upload\BT\9010134-BTPI.pdf
There were 5 Differences.  5 Change(s), 0 Addition(s)  and 0 Deletion(s)
-----------------------------DiffDoc-------
Date: 02-12-2013 03:59:20 PM
Successfully Compared C:\xampp\htdocs\ProjectUploader\Upload\BT\05010137-BTPI.pdf to C:\xampp\htdocs\ProjectUploader\Upload\BT\9010134-BTPI.pdf
There were 2 Differences.  2 Change(s), 0 Addition(s)  and 0 Deletion(s)
-----------------------------DiffDoc-------
Date: 02-12-2013 04:05:47 PM
Successfully Compared C:\xampp\htdocs\ProjectUploader\Upload\BT\05010137-BTPI.pdf to C:\xampp\htdocs\ProjectUploader\Upload\BT\9010134-BTPI.pdf
There were 1 Differences.  1 Change(s), 0 Addition(s)  and 0 Deletion(s)
-----------------------------DiffDoc-------
Date: 02-12-2013 04:13:09 PM
Successfully Compared C:\xampp\htdocs\ProjectUploader\Upload\BT\05010137-BTPI.pdf to C:\xampp\htdocs\ProjectUploader\Upload\BT\9010134-BTPI.pdf
There were 1 Differences.  1 Change(s), 0 Addition(s)  and 0 Deletion(s)
-----------------------------DiffDoc-------
Date: 02-12-2013 04:17:59 PM
Successfully Compared C:\xampp\htdocs\ProjectUploader\Upload\BT\05010137-BTPI.pdf to C:\xampp\htdocs\ProjectUploader\Upload\BT\9010134-BTPI.pdf
There were 0 Differences.  0 Change(s), 0 Addition(s)  and 0 Deletion(s)
-----------------------------DiffDoc-------
Date: 02-12-2013 04:23:31 PM
Successfully Compared C:\xampp\htdocs\ProjectUploader\Upload\BT\05010137-BTPI.pdf to C:\xampp\htdocs\ProjectUploader\Upload\BT\9010134-BTPI.pdf
There were 1 Differences.  1 Change(s), 0 Addition(s)  and 0 Deletion(s)
-----------------------------DiffDoc-------
Date: 02-12-2013 04:24:01 PM
Successfully Compared C:\xampp\htdocs\ProjectUploader\Upload\BT\05010137-BTPI.pdf to C:\xampp\htdocs\ProjectUploader\Upload\BT\9010134-BTPI.pdf
There were 1 Differences.  1 Change(s), 0 Addition(s)  and 0 Deletion(s)
-----------------------------DiffDoc-------
Date: 02-12-2013 04:29:36 PM
Successfully Compared C:\xampp\htdocs\ProjectUploader\Upload\BT\05010137-BTPI.pdf to C:\xampp\htdocs\ProjectUploader\Upload\BT\9010134-BTPI.pdf
There were 1 Differences.  1 Change(s), 0 Addition(s)  and 0 Deletion(s)
-----------------------------DiffDoc-------
Date: 02-Dec-13 17:25:16
Successfully Compared C:\xampp\htdocs\ProjectUploader\Upload\BT\05010137-BTPI.pdf to C:\xampp\htdocs\ProjectUploader\Upload\BT\9010134-BTPI.pdf
There were 1 Differences.  1 Change(s), 0 Addition(s)  and 0 Deletion(s)
-----------------------------DiffDoc-------
Date: 02-Dec-13 17:27:07
Successfully Compared C:\xampp\htdocs\ProjectUploader\Upload\BT\05010137-BTPI.pdf to C:\xampp\htdocs\ProjectUploader\Upload\BT\9010134-BTPI.pdf
There were 2 Differences.  1 Change(s), 1 Addition(s)  and 0 Deletion(s)
-----------------------------DiffDoc-------
Date: 02-Dec-13 17:30:47
Successfully Compared C:\xampp\htdocs\ProjectUploader\Upload\BT\05010137-BTPI.pdf to C:\xampp\htdocs\ProjectUploader\Upload\BT\9010134-BTPI.pdf
There were 1 Differences.  1 Change(s), 0 Addition(s)  and 0 Deletion(s)
-----------------------------DiffDoc-------
Date: 02-Dec-13 17:35:12
Successfully Compared C:\xampp\htdocs\ProjectUploader\Upload\BT\05010137-BTPI.pdf to C:\xampp\htdocs\ProjectUploader\Upload\BT\9010134-BTPI.pdf
There were 1 Differences.  1 Change(s), 0 Addition(s)  and 0 Deletion(s)
-----------------------------DiffDoc-------
Date: 02-Dec-13 17:36:41
Successfully Compared C:\xampp\htdocs\ProjectUploader\Upload\BT\05010137-BTPI.pdf to C:\xampp\htdocs\ProjectUploader\Upload\BT\9010134-BTPI.pdf
There were 1 Differences.  1 Change(s), 0 Addition(s)  and 0 Deletion(s)
-----------------------------DiffDoc-------
Date: 02-Dec-13 17:39:10
Successfully Compared C:\xampp\htdocs\ProjectUploader\Upload\BT\05010137-BTPI.pdf to C:\xampp\htdocs\ProjectUploader\Upload\BT\9010134-BTPI.pdf
There were 1 Differences.  1 Change(s), 0 Addition(s)  and 0 Deletion(s)
-----------------------------DiffDoc-------
Date: 02-Dec-13 17:42:09
Successfully Compared C:\xampp\htdocs\ProjectUploader\Upload\BT\05010137-BTPI.pdf to C:\xampp\htdocs\ProjectUploader\Upload\BT\9010134-BTPI.pdf
There were 2 Differences.  1 Change(s), 1 Addition(s)  and 0 Deletion(s)
-----------------------------DiffDoc-------
Date: 02-Dec-13 22:38:22
Successfully Compared C:\xampp\htdocs\ProjectUploader\Upload\BT\05010137-BTPI.pdf to C:\xampp\htdocs\ProjectUploader\Upload\BT\9010134-BTPI.pdf
There were 1 Differences.  1 Change(s), 0 Addition(s)  and 0 Deletion(s)
-----------------------------DiffDoc-------
Date: 02-Dec-13 22:44:46
Successfully Compared C:\xampp\htdocs\ProjectUploader\Upload\BT\05010137-BTPI.pdf to C:\xampp\htdocs\ProjectUploader\Upload\BT\9010134-BTPI.pdf
There were 1 Differences.  1 Change(s), 0 Addition(s)  and 0 Deletion(s)
-----------------------------DiffDoc-------
Date: 02-Dec-13 22:58:21
Successfully Compared C:\xampp\htdocs\ProjectUploader\Upload\BT\05010137-BTPI.pdf to C:\xampp\htdocs\ProjectUploader\Upload\BT\9010134-BTPI.pdf
There were 0 Differences.  0 Change(s), 0 Addition(s)  and 0 Deletion(s)
-----------------------------DiffDoc-------
Date: 02-Dec-13 23:17:05
Successfully Compared C:\xampp\htdocs\ProjectUploader\Upload\BT\05010137-BTPI.pdf to C:\xampp\htdocs\ProjectUploader\Upload\BT\9010134-BTPI.pdf
There were 1 Differences.  1 Change(s), 0 Addition(s)  and 0 Deletion(s)
-----------------------------DiffDoc-------
Date: 02-Dec-13 23:19:19
Successfully Compared C:\xampp\htdocs\ProjectUploader\Upload\BT\05010137-BTPI.pdf to C:\xampp\htdocs\ProjectUploader\Upload\BT\9010134-BTPI.pdf
There were 1 Differences.  1 Change(s), 0 Addition(s)  and 0 Deletion(s)
-----------------------------DiffDoc-------
Date: 02-Dec-13 23:30:14
Successfully Compared C:\xampp\htdocs\ProjectUploader\Upload\BT\05010137-BTPI.pdf to C:\xampp\htdocs\ProjectUploader\Upload\BT\9010134-BTPI.pdf
There were 1 Differences.  1 Change(s), 0 Addition(s)  and 0 Deletion(s)
-----------------------------DiffDoc-------
Date: 02-Dec-13 23:33:58
Successfully Compared C:\xampp\htdocs\ProjectUploader\Upload\BT\05010137-BTPI.pdf to C:\xampp\htdocs\ProjectUploader\Upload\BT\9010134-BTPI.pdf
There were 1 Differences.  1 Change(s), 0 Addition(s)  and 0 Deletion(s)
-----------------------------DiffDoc-------
Date: 02-Dec-13 23:38:59
Successfully Compared C:\xampp\htdocs\ProjectUploader\Upload\BT\05010137-BTPI.pdf to C:\xampp\htdocs\ProjectUploader\Upload\BT\9010134-BTPI.pdf
There were 1 Differences.  1 Change(s), 0 Addition(s)  and 0 Deletion(s)
-----------------------------DiffDoc-------
Date: 02-Dec-13 23:40:08
Successfully Compared C:\xampp\htdocs\ProjectUploader\Upload\BT\05010137-BTPI.pdf to C:\xampp\htdocs\ProjectUploader\Upload\BT\9010134-BTPI.pdf
There were 1 Differences.  1 Change(s), 0 Addition(s)  and 0 Deletion(s)
-----------------------------DiffDoc-------
Date: 03-Dec-13 00:07:47
Successfully Compared C:\xampp\htdocs\ProjectUploader\Upload\BT\05010137-BTPI.pdf to C:\xampp\htdocs\ProjectUploader\Upload\BT\9010134-BTPI.pdf
There were 1 Differences.  1 Change(s), 0 Addition(s)  and 0 Deletion(s)
-----------------------------DiffDoc-------
Date: 03-Dec-13 00:12:20
Successfully Compared C:\xampp\htdocs\ProjectUploader\Upload\BT\05010137-BTPI.pdf to C:\xampp\htdocs\ProjectUploader\Upload\BT\9010134-BTPI.pdf
There were 1 Differences.  1 Change(s), 0 Addition(s)  and 0 Deletion(s)
-----------------------------DiffDoc-------
Date: 03-Dec-13 00:14:29
Successfully Compared C:\xampp\htdocs\ProjectUploader\Upload\BT\05010137-BTPI.pdf to C:\xampp\htdocs\ProjectUploader\Upload\BT\9010134-BTPI.pdf
There were 1 Differences.  1 Change(s), 0 Addition(s)  and 0 Deletion(s)
-----------------------------DiffDoc-------
Date: 03-Dec-13 00:19:28
Successfully Compared C:\xampp\htdocs\ProjectUploader\Upload\BT\05010137-BTPI.pdf to C:\xampp\htdocs\ProjectUploader\Upload\BT\9010134-BTPI.pdf
There were 1 Differences.  1 Change(s), 0 Addition(s)  and 0 Deletion(s)
-----------------------------DiffDoc-------
Date: 03-12-2013 01:22:19 AM
Successfully Compared C:\xampp\htdocs\ProjectUploader\Upload\BT\05010137-BTPI.pdf to C:\xampp\htdocs\ProjectUploader\Upload\BT\9010134-BTPI.pdf
There were 2 Differences.  2 Change(s), 0 Addition(s)  and 0 Deletion(s)
-----------------------------DiffDoc-------
Date: 03-12-2013 01:38:40 AM
Successfully Compared C:\xampp\htdocs\ProjectUploader\Upload\BT\05010137-BTPI.pdf to C:\xampp\htdocs\ProjectUploader\Upload\BT\9010134-BTPI.pdf
There were 1 Differences.  1 Change(s), 0 Addition(s)  and 0 Deletion(s)
-----------------------------DiffDoc-------
Date: 03-12-2013 01:43:55 AM
Successfully Compared C:\xampp\htdocs\ProjectUploader\Upload\BT\05010137-BTPI.pdf to C:\xampp\htdocs\ProjectUploader\Upload\BT\9010134-BTPI.pdf
There were 5 Differences.  5 Change(s), 0 Addition(s)  and 0 Deletion(s)
-----------------------------DiffDoc-------
Date: 03-12-2013 01:46:08 AM
Successfully Compared C:\xampp\htdocs\ProjectUploader\Upload\BT\05010137-BTPI.pdf to C:\xampp\htdocs\ProjectUploader\Upload\BT\9010134-BTPI.pdf
There were 2 Differences.  2 Change(s), 0 Addition(s)  and 0 Deletion(s)
-----------------------------DiffDoc-------
Date: 03-12-2013 04:47:16 AM
Successfully Compared C:\xampp\htdocs\ProjectUploader\Upload\BT\05010137-BTPI.pdf to C:\xampp\htdocs\ProjectUploader\Upload\BT\9010134-BTPI.pdf
There were 1 Differences.  1 Change(s), 0 Addition(s)  and 0 Deletion(s)
-----------------------------DiffDoc-------
Date: 03-12-2013 04:50:05 AM
Successfully Compared C:\xampp\htdocs\ProjectUploader\Upload\BT\05010137-BTPI.pdf to C:\xampp\htdocs\ProjectUploader\Upload\BT\9010134-BTPI.pdf
There were 1 Differences.  1 Change(s), 0 Addition(s)  and 0 Deletion(s)
-----------------------------DiffDoc-------
Date: 03-12-2013 04:57:57 AM
Successfully Compared C:\xampp\htdocs\ProjectUploader\Upload\BT\05010137-BTPI.pdf to C:\xampp\htdocs\ProjectUploader\Upload\BT\9010134-BTPI.pdf
There were 1 Differences.  1 Change(s), 0 Addition(s)  and 0 Deletion(s)
-----------------------------DiffDoc-------
Date: 03-12-2013 04:59:11 AM
Successfully Compared C:\xampp\htdocs\ProjectUploader\Upload\BT\05010137-BTPI.pdf to C:\xampp\htdocs\ProjectUploader\Upload\BT\9010134-BTPI.pdf
There were 1 Differences.  1 Change(s), 0 Addition(s)  and 0 Deletion(s)
-----------------------------DiffDoc-------
Date: 03-12-2013 05:01:48 AM
Successfully Compared C:\xampp\htdocs\ProjectUploader\Upload\BT\05010137-BTPI.pdf to C:\xampp\htdocs\ProjectUploader\Upload\BT\9010134-BTPI.pdf
There were 1 Differences.  1 Change(s), 0 Addition(s)  and 0 Deletion(s)
-----------------------------DiffDoc-------
Date: 03-12-2013 05:07:34 AM
Successfully Compared C:\xampp\htdocs\ProjectUploader\Upload\BT\05010137-BTPI.pdf to C:\xampp\htdocs\ProjectUploader\Upload\BT\9010134-BTPI.pdf
There were 1 Differences.  1 Change(s), 0 Addition(s)  and 0 Deletion(s)
-----------------------------DiffDoc-------
Date: 03-12-2013 05:09:33 AM
Successfully Compared C:\xampp\htdocs\ProjectUploader\Upload\BT\05010137-BTPI.pdf to C:\xampp\htdocs\ProjectUploader\Upload\BT\9010134-BTPI.pdf
There were 2 Differences.  2 Change(s), 0 Addition(s)  and 0 Deletion(s)
-----------------------------DiffDoc-------
Date: 03-12-2013 05:11:00 AM
Successfully Compared C:\xampp\htdocs\ProjectUploader\Upload\BT\05010137-BTPI.pdf to C:\xampp\htdocs\ProjectUploader\Upload\BT\9010134-BTPI.pdf
There were 1 Differences.  1 Change(s), 0 Addition(s)  and 0 Deletion(s)
-----------------------------DiffDoc-------
Date: 03-12-2013 05:13:39 AM
Successfully Compared C:\xampp\htdocs\ProjectUploader\Upload\BT\05010137-BTPI.pdf to C:\xampp\htdocs\ProjectUploader\Upload\BT\9010134-BTPI.pdf
There were 1 Differences.  1 Change(s), 0 Addition(s)  and 0 Deletion(s)
-----------------------------DiffDoc-------
Date: 03-12-2013 05:20:10 AM
Successfully Compared C:\xampp\htdocs\ProjectUploader\Upload\BT\05010137-BTPI.pdf to C:\xampp\htdocs\ProjectUploader\Upload\BT\9010134-BTPI.pdf
There were 1 Differences.  1 Change(s), 0 Addition(s)  and 0 Deletion(s)
-----------------------------DiffDoc-------
Date: 03-12-2013 05:23:14 AM
Successfully Compared C:\xampp\htdocs\ProjectUploader\Upload\BT\05010137-BTPI.pdf to C:\xampp\htdocs\ProjectUploader\Upload\BT\9010134-BTPI.pdf
There were 2 Differences.  2 Change(s), 0 Addition(s)  and 0 Deletion(s)
-----------------------------DiffDoc-------
Date: 03-12-2013 05:27:03 AM
Successfully Compared C:\xampp\htdocs\ProjectUploader\Upload\BT\05010137-BTPI.pdf to C:\xampp\htdocs\ProjectUploader\Upload\BT\9010134-BTPI.pdf
There were 1 Differences.  1 Change(s), 0 Addition(s)  and 0 Deletion(s)
-----------------------------DiffDoc-------
Date: 03-12-2013 05:29:26 AM
Successfully Compared C:\xampp\htdocs\ProjectUploader\Upload\BT\05010137-BTPI.pdf to C:\xampp\htdocs\ProjectUploader\Upload\BT\9010134-BTPI.pdf
There were 1 Differences.  1 Change(s), 0 Addition(s)  and 0 Deletion(s)
-----------------------------DiffDoc-------
Date: 03-12-2013 05:31:27 AM
Successfully Compared C:\xampp\htdocs\ProjectUploader\Upload\BT\05010137-BTPI.pdf to C:\xampp\htdocs\ProjectUploader\Upload\BT\9010134-BTPI.pdf
There were 1 Differences.  1 Change(s), 0 Addition(s)  and 0 Deletion(s)
-----------------------------DiffDoc-------
Date: 03-12-2013 05:33:31 AM
Successfully Compared C:\xampp\htdocs\ProjectUploader\Upload\BT\05010137-BTPI.pdf to C:\xampp\htdocs\ProjectUploader\Upload\BT\9010134-BTPI.pdf
There were 1 Differences.  1 Change(s), 0 Addition(s)  and 0 Deletion(s)
-----------------------------DiffDoc-------
Date: 03-12-2013 05:35:45 AM
Successfully Compared C:\xampp\htdocs\ProjectUploader\Upload\BT\05010137-BTPI.pdf to C:\xampp\htdocs\ProjectUploader\Upload\BT\9010134-BTPI.pdf
There were 1 Differences.  1 Change(s), 0 Addition(s)  and 0 Deletion(s)
-----------------------------DiffDoc-------
Date: 03-12-2013 05:38:07 AM
Successfully Compared C:\xampp\htdocs\ProjectUploader\Upload\BT\05010137-BTPI.pdf to C:\xampp\htdocs\ProjectUploader\Upload\BT\9010134-BTPI.pdf
There were 1 Differences.  1 Change(s), 0 Addition(s)  and 0 Deletion(s)
-----------------------------DiffDoc-------
Date: 03-12-2013 05:40:11 AM
Successfully Compared C:\xampp\htdocs\ProjectUploader\Upload\BT\05010137-BTPI.pdf to C:\xampp\htdocs\ProjectUploader\Upload\BT\9010134-BTPI.pdf
There were 1 Differences.  1 Change(s), 0 Addition(s)  and 0 Deletion(s)
-----------------------------DiffDoc-------
Date: 03-12-2013 05:41:52 AM
Successfully Compared C:\xampp\htdocs\ProjectUploader\Upload\BT\05010137-BTPI.pdf to C:\xampp\htdocs\ProjectUploader\Upload\BT\9010134-BTPI.pdf
There were 2 Differences.  2 Change(s), 0 Addition(s)  and 0 Deletion(s)
-----------------------------DiffDoc-------
Date: 04-12-2013 04:19:05 AM
Successfully Compared C:\xampp\htdocs\ProjectUploader\Upload\BT\05010137-BTPI.pdf to C:\xampp\htdocs\ProjectUploader\Upload\BT\9010134-BTPI.pdf
There were 5 Differences.  5 Change(s), 0 Addition(s)  and 0 Deletion(s)
-----------------------------DiffDoc-------
Date: 04-12-2013 04:26:13 AM
Successfully Compared C:\xampp\htdocs\ProjectUploader\Upload\BT\05010137-BTPI.pdf to C:\xampp\htdocs\ProjectUploader\Upload\BT\9010134-BTPI.pdf
There were 2 Differences.  2 Change(s), 0 Addition(s)  and 0 Deletion(s)
-----------------------------DiffDoc-------
Date: 04-12-2013 04:33:45 AM
Successfully Compared C:\xampp\htdocs\ProjectUploader\Upload\BT\05010137-BTPI.pdf to C:\xampp\htdocs\ProjectUploader\Upload\BT\9010134-BTPI.pdf
There were 2 Differences.  2 Change(s), 0 Addition(s)  and 0 Deletion(s)
-----------------------------DiffDoc-------
Date: 04-12-2013 04:39:45 AM
Successfully Compared C:\xampp\htdocs\ProjectUploader\Upload\BT\05010137-BTPI.pdf to C:\xampp\htdocs\ProjectUploader\Upload\BT\9010134-BTPI.pdf
There were 4 Differences.  4 Change(s), 0 Addition(s)  and 0 Deletion(s)
-----------------------------DiffDoc-------
Date: 04-12-2013 04:55:57 AM
Successfully Compared C:\xampp\htdocs\ProjectUploader\Upload\BT\05010137-BTPI.pdf to C:\xampp\htdocs\ProjectUploader\Upload\BT\9010134-BTPI.pdf
There were 1 Differences.  1 Change(s), 0 Addition(s)  and 0 Deletion(s)
-----------------------------DiffDoc-------
Date: 04-12-2013 04:58:06 AM
Successfully Compared C:\xampp\htdocs\ProjectUploader\Upload\BT\05010137-BTPI.pdf to C:\xampp\htdocs\ProjectUploader\Upload\BT\9010134-BTPI.pdf
There were 1 Differences.  1 Change(s), 0 Addition(s)  and 0 Deletion(s)
-----------------------------DiffDoc-------
Date: 04-12-2013 05:02:52 AM
Successfully Compared C:\xampp\htdocs\ProjectUploader\Upload\BT\05010137-BTPI.pdf to C:\xampp\htdocs\ProjectUploader\Upload\BT\9010134-BTPI.pdf
There were 7 Differences.  3 Change(s), 4 Addition(s)  and 0 Deletion(s)
-----------------------------DiffDoc-------
Date: 04-12-2013 05:12:48 AM
Successfully Compared C:\xampp\htdocs\ProjectUploader\Upload\BT\05010137-BTPI.pdf to C:\xampp\htdocs\ProjectUploader\Upload\BT\9010134-BTPI.pdf
There were 5 Differences.  5 Change(s), 0 Addition(s)  and 0 Deletion(s)
-----------------------------DiffDoc-------
Date: 04-12-2013 05:19:15 AM
Successfully Compared C:\xampp\htdocs\ProjectUploader\Upload\BT\05010137-BTPI.pdf to C:\xampp\htdocs\ProjectUploader\Upload\BT\9010134-BTPI.pdf
There were 4 Differences.  4 Change(s), 0 Addition(s)  and 0 Deletion(s)
-----------------------------DiffDoc-------
Date: 04-12-2013 05:33:50 AM
Successfully Compared C:\xampp\htdocs\ProjectUploader\Upload\BT\05010137-BTPI.pdf to C:\xampp\htdocs\ProjectUploader\Upload\BT\9010134-BTPI.pdf
There were 1 Differences.  1 Change(s), 0 Addition(s)  and 0 Deletion(s)
-----------------------------DiffDoc-------
Date: 04-12-2013 05:38:49 AM
Successfully Compared C:\xampp\htdocs\ProjectUploader\Upload\BT\05010137-BTPI.pdf to C:\xampp\htdocs\ProjectUploader\Upload\BT\9010134-BTPI.pdf
There were 5 Differences.  5 Change(s), 0 Addition(s)  and 0 Deletion(s)
-----------------------------DiffDoc-------
Date: 04-12-2013 07:58:36 AM
Successfully Compared C:\xampp\htdocs\ProjectUploader\Upload\BT\05010137-BTPI.pdf to C:\xampp\htdocs\ProjectUploader\Upload\BT\9010134-BTPI.pdf
There were 3 Differences.  3 Change(s), 0 Addition(s)  and 0 Deletion(s)
-----------------------------DiffDoc-------
Date: 04-12-2013 09:48:41 AM
Successfully Compared C:\xampp\htdocs\ProjectUploader\Upload\BT\05010137-BTPI.pdf to C:\xampp\htdocs\ProjectUploader\Upload\BT\9010134-BTPI.pdf
There were 2 Differences.  2 Change(s), 0 Addition(s)  and 0 Deletion(s)
-----------------------------DiffDoc-------
Date: 04-12-2013 10:12:14 AM
Successfully Compared C:\xampp\htdocs\ProjectUploader\Upload\BT\05010137-BTPI.pdf to C:\xampp\htdocs\ProjectUploader\Upload\BT\9010134-BTPI.pdf
There were 2 Differences.  2 Change(s), 0 Addition(s)  and 0 Deletion(s)
